<?xml version="1.0" encoding="UTF-8"?>
<testsuite name="trainsandtowns.GraphTest" tests="10" skipped="0" failures="0" errors="0" timestamp="2022-08-25T12:39:10" hostname="PAULAN-PC" time="0.06">
  <properties/>
  <testcase name="testCalculateShortRoute_1()" classname="trainsandtowns.GraphTest" time="0.035"/>
  <testcase name="testCalculateShortRoute_2()" classname="trainsandtowns.GraphTest" time="0.002"/>
  <testcase name="testGetDistance_1()" classname="trainsandtowns.GraphTest" time="0.002"/>
  <testcase name="testGetDistance_2()" classname="trainsandtowns.GraphTest" time="0.001"/>
  <testcase name="testGetDistance_3()" classname="trainsandtowns.GraphTest" time="0.001"/>
  <testcase name="testGetDistance_4()" classname="trainsandtowns.GraphTest" time="0.001"/>
  <testcase name="testGetDistance_5()" classname="trainsandtowns.GraphTest" time="0.001"/>
  <testcase name="testCalculateRoutesCount()" classname="trainsandtowns.GraphTest" time="0.003"/>
  <testcase name="testCalculateTripsCount_1()" classname="trainsandtowns.GraphTest" time="0.001"/>
  <testcase name="testCalculateTripsCount_2()" classname="trainsandtowns.GraphTest" time="0.006"/>
  <system-out><![CDATA[calculateShortRoute 1
calculateShortRoute 2
getDistance_1
getDistance_2
getDistance_3
getDistance_4
getDistance_5
calculateRoutesCount
calculateTripsCount 1
calculateTripsCount 2
]]></system-out>
  <system-err><![CDATA[]]></system-err>
</testsuite>
